2026-06-24 03:11:32,975 INFO o.a.j.u.JMeterUtils: Setting Locale to en_EN
2026-06-24 03:11:33,019 INFO o.a.j.JMeter: Loading user properties from: /home/runner/work/uhr-performace-testing/uhr-performace-testing/apache-jmeter-5.6.3/bin/user.properties
2026-06-24 03:11:33,019 INFO o.a.j.JMeter: Loading system properties from: /home/runner/work/uhr-performace-testing/uhr-performace-testing/apache-jmeter-5.6.3/bin/system.properties
2026-06-24 03:11:33,025 INFO o.a.j.JMeter: Copyright (c) 1998-2024 The Apache Software Foundation
2026-06-24 03:11:33,025 INFO o.a.j.JMeter: Version 5.6.3
2026-06-24 03:11:33,025 INFO o.a.j.JMeter: java.version=11.0.31
2026-06-24 03:11:33,025 INFO o.a.j.JMeter: java.vm.name=OpenJDK 64-Bit Server VM
2026-06-24 03:11:33,025 INFO o.a.j.JMeter: os.name=Linux
2026-06-24 03:11:33,025 INFO o.a.j.JMeter: os.arch=amd64
2026-06-24 03:11:33,025 INFO o.a.j.JMeter: os.version=6.17.0-1018-azure
2026-06-24 03:11:33,025 INFO o.a.j.JMeter: file.encoding=UTF-8
2026-06-24 03:11:33,025 INFO o.a.j.JMeter: java.awt.headless=true
2026-06-24 03:11:33,025 INFO o.a.j.JMeter: Max memory     =1073741824
2026-06-24 03:11:33,025 INFO o.a.j.JMeter: Available Processors =4
2026-06-24 03:11:33,035 INFO o.a.j.JMeter: Default Locale=English (EN)
2026-06-24 03:11:33,035 INFO o.a.j.JMeter: JMeter  Locale=English (EN)
2026-06-24 03:11:33,035 INFO o.a.j.JMeter: JMeterHome=/home/runner/work/uhr-performace-testing/uhr-performace-testing/apache-jmeter-5.6.3
2026-06-24 03:11:33,035 INFO o.a.j.JMeter: user.dir  =/home/runner/work/uhr-performace-testing/uhr-performace-testing
2026-06-24 03:11:33,035 INFO o.a.j.JMeter: PWD       =/home/runner/work/uhr-performace-testing/uhr-performace-testing
2026-06-24 03:11:33,036 INFO o.a.j.JMeter: IP: 10.1.0.135 Name: runnervm7b5n9 FullName: runnervm7b5n9.y1jgdqamqv2urkxkrjbq5gqbvf.bx.internal.cloudapp.net
2026-06-24 03:11:33,048 INFO o.a.j.JMeter: Setting property 'jmeter.reportgenerator.outputdir' to:'/home/runner/work/uhr-performace-testing/uhr-performace-testing/results/spike/html_report'
2026-06-24 03:11:33,050 INFO o.a.j.s.FileServer: Default base='/home/runner/work/uhr-performace-testing/uhr-performace-testing'
2026-06-24 03:11:33,052 INFO o.a.j.s.FileServer: Set new base='/home/runner/work/uhr-performace-testing/uhr-performace-testing'
2026-06-24 03:11:33,235 INFO o.a.j.s.SaveService: Testplan (JMX) version: 2.2. Testlog (JTL) version: 2.2
2026-06-24 03:11:33,261 INFO o.a.j.s.SaveService: Using SaveService properties version 5.0
2026-06-24 03:11:33,264 INFO o.a.j.s.SaveService: Using SaveService properties file encoding UTF-8
2026-06-24 03:11:33,267 INFO o.a.j.s.SaveService: Loading file: test-plan-spike.jmx
2026-06-24 03:11:33,324 INFO o.a.j.p.h.s.HTTPSamplerBase: Parser for text/html is org.apache.jmeter.protocol.http.parser.LagartoBasedHtmlParser
2026-06-24 03:11:33,324 INFO o.a.j.p.h.s.HTTPSamplerBase: Parser for application/xhtml+xml is org.apache.jmeter.protocol.http.parser.LagartoBasedHtmlParser
2026-06-24 03:11:33,324 INFO o.a.j.p.h.s.HTTPSamplerBase: Parser for application/xml is org.apache.jmeter.protocol.http.parser.LagartoBasedHtmlParser
2026-06-24 03:11:33,324 INFO o.a.j.p.h.s.HTTPSamplerBase: Parser for text/xml is org.apache.jmeter.protocol.http.parser.LagartoBasedHtmlParser
2026-06-24 03:11:33,324 INFO o.a.j.p.h.s.HTTPSamplerBase: Parser for text/vnd.wap.wml is org.apache.jmeter.protocol.http.parser.RegexpHTMLParser
2026-06-24 03:11:33,324 INFO o.a.j.p.h.s.HTTPSamplerBase: Parser for text/css is org.apache.jmeter.protocol.http.parser.CssParser
2026-06-24 03:11:33,454 INFO o.a.j.JMeter: Creating summariser <summary>
2026-06-24 03:11:33,458 INFO o.a.j.r.d.ReportGenerator: ReportGenerator will use for Parsing the separator: ','
2026-06-24 03:11:33,458 INFO o.a.j.r.d.ReportGenerator: Will generate report at end of test from  results file: results/spike/results.csv
2026-06-24 03:11:33,459 INFO o.a.j.r.d.ReportGenerator: Reading report generator properties from: /home/runner/work/uhr-performace-testing/uhr-performace-testing/apache-jmeter-5.6.3/bin/reportgenerator.properties
2026-06-24 03:11:33,459 INFO o.a.j.r.d.ReportGenerator: Merging with JMeter properties
2026-06-24 03:11:33,463 INFO o.a.j.r.c.ReportGeneratorConfiguration: Property 'jmeter.reportgenerator.temp_dir' not found, using default value 'temp' instead.
2026-06-24 03:11:33,464 INFO o.a.j.r.c.ReportGeneratorConfiguration: Property 'jmeter.reportgenerator.apdex_per_transaction' not found, using default value 'null' instead.
2026-06-24 03:11:33,465 INFO o.a.j.r.c.ReportGeneratorConfiguration: apdex_per_transaction is empty, not APDEX per transaction customization
2026-06-24 03:11:33,465 INFO o.a.j.r.c.ReportGeneratorConfiguration: Property 'jmeter.reportgenerator.sample_filter' not found, using default value 'null' instead.
2026-06-24 03:11:33,465 INFO o.a.j.r.c.ReportGeneratorConfiguration: Property 'jmeter.reportgenerator.report_title' not found, using default value 'null' instead.
2026-06-24 03:11:33,465 INFO o.a.j.r.c.ReportGeneratorConfiguration: Property 'jmeter.reportgenerator.start_date' not found, using default value 'null' instead.
2026-06-24 03:11:33,465 INFO o.a.j.r.c.ReportGeneratorConfiguration: Property 'jmeter.reportgenerator.end_date' not found, using default value 'null' instead.
2026-06-24 03:11:33,465 INFO o.a.j.r.c.ReportGeneratorConfiguration: Property 'jmeter.reportgenerator.date_format' not found, using default value 'null' instead.
2026-06-24 03:11:33,465 INFO o.a.j.r.c.ReportGeneratorConfiguration: Will use date range start date: null, end date: null
2026-06-24 03:11:33,468 INFO o.a.j.r.c.ReportGeneratorConfiguration: Property 'jmeter.reportgenerator.graph.totalTPS.exclude_controllers' not found, using default value 'false' instead.
2026-06-24 03:11:33,468 INFO o.a.j.r.c.ReportGeneratorConfiguration: Property 'jmeter.reportgenerator.graph.activeThreadsOverTime.exclude_controllers' not found, using default value 'false' instead.
2026-06-24 03:11:33,469 INFO o.a.j.r.c.ReportGeneratorConfiguration: Property 'jmeter.reportgenerator.graph.timeVsThreads.exclude_controllers' not found, using default value 'false' instead.
2026-06-24 03:11:33,469 INFO o.a.j.r.c.ReportGeneratorConfiguration: Property 'jmeter.reportgenerator.graph.responseTimeDistribution.exclude_controllers' not found, using default value 'false' instead.
2026-06-24 03:11:33,469 INFO o.a.j.r.c.ReportGeneratorConfiguration: Property 'jmeter.reportgenerator.graph.transactionsPerSecond.exclude_controllers' not found, using default value 'false' instead.
2026-06-24 03:11:33,469 INFO o.a.j.r.c.ReportGeneratorConfiguration: Property 'jmeter.reportgenerator.graph.responseTimePercentiles.exclude_controllers' not found, using default value 'false' instead.
2026-06-24 03:11:33,469 INFO o.a.j.r.c.ReportGeneratorConfiguration: Property 'jmeter.reportgenerator.graph.responseTimePercentilesOverTime.exclude_controllers' not found, using default value 'false' instead.
2026-06-24 03:11:33,469 INFO o.a.j.r.c.ReportGeneratorConfiguration: Property 'jmeter.reportgenerator.graph.responseTimesOverTime.exclude_controllers' not found, using default value 'false' instead.
2026-06-24 03:11:33,470 INFO o.a.j.r.c.ReportGeneratorConfiguration: Property 'jmeter.reportgenerator.graph.connectTimeOverTime.exclude_controllers' not found, using default value 'false' instead.
2026-06-24 03:11:33,470 INFO o.a.j.r.c.ReportGeneratorConfiguration: Property 'jmeter.reportgenerator.graph.latenciesOverTime.exclude_controllers' not found, using default value 'false' instead.
2026-06-24 03:11:33,471 INFO o.a.j.r.c.ReportGeneratorConfiguration: Property 'jmeter.reportgenerator.exporter.json.filters_only_sample_series' not found, using default value 'true' instead.
2026-06-24 03:11:33,471 INFO o.a.j.r.c.ReportGeneratorConfiguration: Property 'jmeter.reportgenerator.exporter.json.series_filter' not found, using default value '' instead.
2026-06-24 03:11:33,471 INFO o.a.j.r.c.ReportGeneratorConfiguration: Property 'jmeter.reportgenerator.exporter.json.show_controllers_only' not found, using default value 'false' instead.
2026-06-24 03:11:33,471 INFO o.a.j.r.c.ReportGeneratorConfiguration: Property 'jmeter.reportgenerator.exporter.html.filters_only_sample_series' not found, using default value 'true' instead.
2026-06-24 03:11:33,471 INFO o.a.j.r.c.ReportGeneratorConfiguration: Property 'jmeter.reportgenerator.exporter.html.series_filter' not found, using default value '' instead.
2026-06-24 03:11:33,471 INFO o.a.j.r.c.ReportGeneratorConfiguration: Property 'jmeter.reportgenerator.exporter.html.show_controllers_only' not found, using default value 'false' instead.
2026-06-24 03:11:33,482 INFO o.a.j.e.StandardJMeterEngine: Running the test!
2026-06-24 03:11:33,486 INFO o.a.j.s.SampleEvent: List of sample_variables: []
2026-06-24 03:11:33,486 INFO o.a.j.s.SampleEvent: List of sample_variables: []
2026-06-24 03:11:33,493 INFO o.a.j.e.u.CompoundVariable: Note: Function class names must contain the string: '.functions.'
2026-06-24 03:11:33,493 INFO o.a.j.e.u.CompoundVariable: Note: Function class names must not contain the string: '.gui.'
2026-06-24 03:11:33,985 INFO o.a.j.JMeter: Running test (1782270693985)
2026-06-24 03:11:33,987 INFO o.a.j.e.StandardJMeterEngine: Starting setUp thread groups
2026-06-24 03:11:33,987 INFO o.a.j.e.StandardJMeterEngine: Starting setUp ThreadGroup: 1 : SETUP - Keycloak Token 
2026-06-24 03:11:33,987 INFO o.a.j.e.StandardJMeterEngine: Starting 1 threads for group SETUP - Keycloak Token.
2026-06-24 03:11:33,988 INFO o.a.j.e.StandardJMeterEngine: Test will stop on error
2026-06-24 03:11:33,988 INFO o.a.j.t.ThreadGroup: Starting thread group... number=1 threads=1 ramp-up=1 delayedStart=false
2026-06-24 03:11:33,999 INFO o.a.j.t.ThreadGroup: Started thread group number 1
2026-06-24 03:11:33,999 INFO o.a.j.e.StandardJMeterEngine: Waiting for all setup thread groups to exit
2026-06-24 03:11:34,010 INFO o.a.j.t.JMeterThread: Thread started: SETUP - Keycloak Token 1-1
2026-06-24 03:11:34,024 INFO o.a.j.p.h.s.HTTPHCAbstractImpl: Local host = runnervm7b5n9
2026-06-24 03:11:34,028 INFO o.a.j.p.h.s.HTTPHC4Impl: HTTP request retry count = 0
2026-06-24 03:11:34,029 INFO o.a.j.s.SampleResult: Note: Sample TimeStamps are START times
2026-06-24 03:11:34,030 INFO o.a.j.s.SampleResult: sampleresult.default.encoding is set to UTF-8
2026-06-24 03:11:34,030 INFO o.a.j.s.SampleResult: sampleresult.useNanoTime=true
2026-06-24 03:11:34,030 INFO o.a.j.s.SampleResult: sampleresult.nanoThreadSleep=5000
2026-06-24 03:11:34,431 INFO o.a.j.p.h.s.h.LazyLayeredConnectionSocketFactory: Setting up HTTPS TrustAll Socket Factory
2026-06-24 03:11:34,436 INFO o.a.j.u.JsseSSLManager: Using default SSL protocol: TLS
2026-06-24 03:11:34,436 INFO o.a.j.u.JsseSSLManager: SSL session context: per-thread
2026-06-24 03:11:34,628 INFO o.a.j.u.SSLManager: JmeterKeyStore Location:  type JKS
2026-06-24 03:11:34,631 INFO o.a.j.u.SSLManager: KeyStore created OK
2026-06-24 03:11:34,631 WARN o.a.j.u.SSLManager: Keystore file not found, loading empty keystore
2026-06-24 03:11:35,933 ERROR o.a.j.e.J.Store Token as Global Property: === TOKEN EXTRACTION FAILED. Response body: {"error":"unauthorized_client","error_description":"Unexpected error when authenticating client"}
2026-06-24 03:11:35,937 ERROR o.a.j.e.JSR223PostProcessor: Problem in JSR223 script, Store Token as Global Property
javax.script.ScriptException: java.lang.Exception: Keycloak token not found in response - test aborted
	at org.codehaus.groovy.jsr223.GroovyScriptEngineImpl.eval(GroovyScriptEngineImpl.java:320) ~[groovy-jsr223-3.0.20.jar:3.0.20]
	at org.codehaus.groovy.jsr223.GroovyCompiledScript.eval(GroovyCompiledScript.java:71) ~[groovy-jsr223-3.0.20.jar:3.0.20]
	at java.scripting/javax.script.CompiledScript.eval(CompiledScript.java:89) ~[java.scripting:?]
	at org.apache.jmeter.util.JSR223TestElement.processFileOrScript(JSR223TestElement.java:230) ~[ApacheJMeter_core.jar:5.6.3]
	at org.apache.jmeter.extractor.JSR223PostProcessor.process(JSR223PostProcessor.java:45) [ApacheJMeter_components.jar:5.6.3]
	at org.apache.jmeter.threads.JMeterThread.runPostProcessors(JMeterThread.java:973) [ApacheJMeter_core.jar:5.6.3]
	at org.apache.jmeter.threads.JMeterThread.executeSamplePackage(JMeterThread.java:585) [ApacheJMeter_core.jar:5.6.3]
	at org.apache.jmeter.threads.JMeterThread.processSampler(JMeterThread.java:501) [ApacheJMeter_core.jar:5.6.3]
	at org.apache.jmeter.threads.JMeterThread.run(JMeterThread.java:268) [ApacheJMeter_core.jar:5.6.3]
	at java.base/java.lang.Thread.run(Thread.java:829) [?:?]
Caused by: java.lang.Exception: Keycloak token not found in response - test aborted
	at java.base/jdk.internal.reflect.NativeConstructorAccessorImpl.newInstance0(Native Method) ~[?:?]
	at java.base/jdk.internal.reflect.NativeConstructorAccessorImpl.newInstance(NativeConstructorAccessorImpl.java:62) ~[?:?]
	at java.base/jdk.internal.reflect.DelegatingConstructorAccessorImpl.newInstance(DelegatingConstructorAccessorImpl.java:45) ~[?:?]
	at java.base/java.lang.reflect.Constructor.newInstance(Constructor.java:490) ~[?:?]
	at org.codehaus.groovy.reflection.CachedConstructor.invoke(CachedConstructor.java:72) ~[groovy-3.0.20.jar:3.0.20]
	at org.codehaus.groovy.runtime.callsite.ConstructorSite$ConstructorSiteNoUnwrapNoCoerce.callConstructor(ConstructorSite.java:105) ~[groovy-3.0.20.jar:3.0.20]
	at org.codehaus.groovy.runtime.callsite.CallSiteArray.defaultCallConstructor(CallSiteArray.java:59) ~[groovy-3.0.20.jar:3.0.20]
	at org.codehaus.groovy.runtime.callsite.AbstractCallSite.callConstructor(AbstractCallSite.java:263) ~[groovy-3.0.20.jar:3.0.20]
	at org.codehaus.groovy.runtime.callsite.AbstractCallSite.callConstructor(AbstractCallSite.java:277) ~[groovy-3.0.20.jar:3.0.20]
	at Script1.run(Script1.groovy:8) ~[?:?]
	at org.codehaus.groovy.jsr223.GroovyScriptEngineImpl.eval(GroovyScriptEngineImpl.java:317) ~[groovy-jsr223-3.0.20.jar:3.0.20]
	... 9 more
2026-06-24 03:11:35,946 INFO o.a.j.r.Summariser: summary +      1 in 00:00:02 =    0.5/s Avg:  1129 Min:  1129 Max:  1129 Err:     1 (100.00%) Active: 1 Started: 1 Finished: 0
2026-06-24 03:11:35,946 INFO o.a.j.t.JMeterThread: Shutdown Test detected by thread: SETUP - Keycloak Token 1-1
2026-06-24 03:11:35,947 INFO o.a.j.t.JMeterThread: Thread is done: SETUP - Keycloak Token 1-1
2026-06-24 03:11:35,947 INFO o.a.j.t.JMeterThread: Thread finished: SETUP - Keycloak Token 1-1
2026-06-24 03:11:35,947 INFO o.a.j.t.JMeterThread: Stopping: SETUP - Keycloak Token 1-1
2026-06-24 03:11:35,949 INFO o.a.j.e.StandardJMeterEngine: All Setup Threads have ended
2026-06-24 03:11:35,984 INFO o.a.j.e.StandardJMeterEngine: No enabled thread groups found
2026-06-24 03:11:35,984 INFO o.a.j.e.StandardJMeterEngine: Starting tearDown thread groups
2026-06-24 03:11:35,984 INFO o.a.j.e.StandardJMeterEngine: Notifying test listeners of end of test
2026-06-24 03:11:35,987 INFO o.a.j.r.Summariser: summary =      1 in 00:00:02 =    0.5/s Avg:  1129 Min:  1129 Max:  1129 Err:     1 (100.00%)
2026-06-24 03:11:35,988 INFO o.a.j.JMeter: Generating Dashboard
2026-06-24 03:11:35,988 INFO o.a.j.r.d.ReportGenerator: Flushing result collector before report Generation
2026-06-24 03:11:35,996 INFO o.a.j.r.p.NormalizerSampleConsumer: Using format, 'ms', to parse timeStamp field
2026-06-24 03:11:36,052 INFO o.a.j.r.p.AbstractSampleConsumer: class org.apache.jmeter.report.processor.AggregateConsumer#stopProducing(): beginDate produced 0 samples
2026-06-24 03:11:36,052 INFO o.a.j.r.p.AbstractSampleConsumer: class org.apache.jmeter.report.processor.AggregateConsumer#stopProducing(): endDate produced 0 samples
2026-06-24 03:11:36,053 INFO o.a.j.r.p.AbstractSampleConsumer: class org.apache.jmeter.report.processor.ApdexSummaryConsumer#stopProducing(): apdexSummary produced 0 samples
2026-06-24 03:11:36,054 INFO o.a.j.r.p.AbstractSampleConsumer: class org.apache.jmeter.report.processor.RequestsSummaryConsumer#stopProducing(): requestsSummary produced 0 samples
2026-06-24 03:11:36,056 INFO o.a.j.r.p.AbstractSampleConsumer: class org.apache.jmeter.report.processor.StatisticsSummaryConsumer#stopProducing(): statisticsSummary produced 0 samples
2026-06-24 03:11:36,057 INFO o.a.j.r.p.AbstractSampleConsumer: class org.apache.jmeter.report.processor.Top5ErrorsBySamplerConsumer#stopProducing(): top5ErrorsBySampler produced 0 samples
2026-06-24 03:11:36,057 INFO o.a.j.r.p.AbstractSampleConsumer: class org.apache.jmeter.report.processor.ErrorsSummaryConsumer#stopProducing(): errorsSummary produced 0 samples
2026-06-24 03:11:36,057 INFO o.a.j.r.p.AbstractSampleConsumer: class org.apache.jmeter.report.processor.graph.impl.HitsPerSecondGraphConsumer#stopProducing(): hitsPerSecond produced 0 samples
2026-06-24 03:11:36,065 INFO o.a.j.r.p.AbstractSampleConsumer: class org.apache.jmeter.report.processor.graph.impl.LatencyVSRequestGraphConsumer#stopProducing(): latencyVsRequest produced 0 samples
2026-06-24 03:11:36,065 INFO o.a.j.r.p.AbstractSampleConsumer: class org.apache.jmeter.report.processor.graph.impl.SyntheticResponseTimeDistributionGraphConsumer#stopProducing(): syntheticResponseTimeDistribution produced 0 samples
2026-06-24 03:11:36,065 INFO o.a.j.r.p.AbstractSampleConsumer: class org.apache.jmeter.report.processor.graph.impl.BytesThroughputGraphConsumer#stopProducing(): bytesThroughputOverTime produced 0 samples
2026-06-24 03:11:36,065 INFO o.a.j.r.p.AbstractSampleConsumer: class org.apache.jmeter.report.processor.graph.impl.CodesPerSecondGraphConsumer#stopProducing(): codesPerSecond produced 0 samples
2026-06-24 03:11:36,066 INFO o.a.j.r.p.AbstractSampleConsumer: class org.apache.jmeter.report.processor.graph.impl.ResponseTimeVSRequestGraphConsumer#stopProducing(): responseTimeVsRequest produced 0 samples
2026-06-24 03:11:36,066 INFO o.a.j.r.p.AbstractSampleConsumer: class org.apache.jmeter.report.processor.FilterConsumer#stopProducing(): startIntervalControlerFilter produced 7 samples
2026-06-24 03:11:36,066 INFO o.a.j.r.p.AbstractSampleConsumer: class org.apache.jmeter.report.processor.graph.impl.TotalTPSGraphConsumer#stopProducing(): totalTPS produced 0 samples
2026-06-24 03:11:36,066 INFO o.a.j.r.p.AbstractSampleConsumer: class org.apache.jmeter.report.processor.graph.impl.ActiveThreadsGraphConsumer#stopProducing(): activeThreadsOverTime produced 0 samples
2026-06-24 03:11:36,066 INFO o.a.j.r.p.AbstractSampleConsumer: class org.apache.jmeter.report.processor.graph.impl.TimeVSThreadGraphConsumer#stopProducing(): timeVsThreads produced 0 samples
2026-06-24 03:11:36,066 INFO o.a.j.r.p.AbstractSampleConsumer: class org.apache.jmeter.report.processor.graph.impl.ResponseTimeDistributionGraphConsumer#stopProducing(): responseTimeDistribution produced 0 samples
2026-06-24 03:11:36,066 INFO o.a.j.r.p.AbstractSampleConsumer: class org.apache.jmeter.report.processor.graph.impl.TransactionsPerSecondGraphConsumer#stopProducing(): transactionsPerSecond produced 0 samples
2026-06-24 03:11:36,066 INFO o.a.j.r.p.AbstractSampleConsumer: class org.apache.jmeter.report.processor.graph.impl.ResponseTimePercentilesGraphConsumer#stopProducing(): responseTimePercentiles produced 0 samples
2026-06-24 03:11:36,067 INFO o.a.j.r.p.AbstractSampleConsumer: class org.apache.jmeter.report.processor.graph.impl.ResponseTimePercentilesOverTimeGraphConsumer#stopProducing(): responseTimePercentilesOverTime produced 0 samples
2026-06-24 03:11:36,068 INFO o.a.j.r.p.AbstractSampleConsumer: class org.apache.jmeter.report.processor.graph.impl.ResponseTimeOverTimeGraphConsumer#stopProducing(): responseTimesOverTime produced 0 samples
2026-06-24 03:11:36,068 INFO o.a.j.r.p.AbstractSampleConsumer: class org.apache.jmeter.report.processor.graph.impl.ConnectTimeOverTimeGraphConsumer#stopProducing(): connectTimeOverTime produced 0 samples
2026-06-24 03:11:36,068 INFO o.a.j.r.p.AbstractSampleConsumer: class org.apache.jmeter.report.processor.graph.impl.LatencyOverTimeGraphConsumer#stopProducing(): latenciesOverTime produced 0 samples
2026-06-24 03:11:36,068 INFO o.a.j.r.p.AbstractSampleConsumer: class org.apache.jmeter.report.processor.FilterConsumer#stopProducing(): nameFilter produced 15 samples
2026-06-24 03:11:36,068 INFO o.a.j.r.p.AbstractSampleConsumer: class org.apache.jmeter.report.processor.FilterConsumer#stopProducing(): dateRangeFilter produced 3 samples
2026-06-24 03:11:36,068 INFO o.a.j.r.p.AbstractSampleConsumer: class org.apache.jmeter.report.processor.NormalizerSampleConsumer#stopProducing(): normalizer produced 1 samples
2026-06-24 03:11:36,068 INFO o.a.j.r.p.CsvFileSampleSource: produce(): 1 samples produced in 48ms on channel 0
2026-06-24 03:11:36,069 INFO o.a.j.r.d.ReportGenerator: Exporting data using exporter:'json' of className:'org.apache.jmeter.report.dashboard.JsonExporter'
2026-06-24 03:11:36,141 INFO o.a.j.r.d.JsonExporter: Found data for consumer statisticsSummary in context
2026-06-24 03:11:36,141 INFO o.a.j.r.d.JsonExporter: Creating statistics for overall
2026-06-24 03:11:36,141 INFO o.a.j.r.d.JsonExporter: Creating statistics for other transactions
2026-06-24 03:11:36,142 INFO o.a.j.r.d.JsonExporter: Checking output folder
2026-06-24 03:11:36,142 INFO o.a.j.r.d.JsonExporter: Writing statistics JSON to /home/runner/work/uhr-performace-testing/uhr-performace-testing/results/spike/html_report/statistics.json
2026-06-24 03:11:36,191 INFO o.a.j.r.d.ReportGenerator: Exporting data using exporter:'html' of className:'org.apache.jmeter.report.dashboard.HtmlTemplateExporter'
2026-06-24 03:11:36,194 INFO o.a.j.r.d.HtmlTemplateExporter: Will generate dashboard in folder: /home/runner/work/uhr-performace-testing/uhr-performace-testing/results/spike/html_report
2026-06-24 03:11:36,285 INFO o.a.j.r.d.HtmlTemplateExporter: Report will be generated in: /home/runner/work/uhr-performace-testing/uhr-performace-testing/results/spike/html_report, creating folder structure
2026-06-24 03:11:36,286 INFO o.a.j.r.d.TemplateVisitor: Copying folder from '/home/runner/work/uhr-performace-testing/uhr-performace-testing/apache-jmeter-5.6.3/bin/report-template' to '/home/runner/work/uhr-performace-testing/uhr-performace-testing/results/spike/html_report', got message: /home/runner/work/uhr-performace-testing/uhr-performace-testing/results/spike/html_report, found non empty folder with following content [/home/runner/work/uhr-performace-testing/uhr-performace-testing/results/spike/html_report/statistics.json], will be ignored
2026-06-24 03:11:36,475 INFO o.a.j.JMeter: Dashboard generated
